<?xml version="1.0" encoding="UTF-8"?>
<testng-results skipped="0" failed="0" total="1" passed="1">
  <reporter-output>
  </reporter-output>
  <suite name="Default suite" duration-ms="42225" started-at="2016-07-13T15:49:33Z" finished-at="2016-07-13T15:50:15Z">
    <groups>
    </groups>
    <test name="Default test" duration-ms="42225" started-at="2016-07-13T15:49:33Z" finished-at="2016-07-13T15:50:15Z">
      <class name="demo.StartChrome">
        <test-method status="PASS" signature="test1()[pri:0, instance:demo.StartChrome@9f70c54]" name="test1" duration-ms="42164" started-at="2016-07-13T18:49:33Z" finished-at="2016-07-13T18:50:15Z">
          <reporter-output>
          </reporter-output>
        </test-method> <!-- test1 -->
      </class> <!-- demo.StartChrome -->
    </test> <!-- Default test -->
  </suite> <!-- Default suite -->
</testng-results>
